Arguments: 
  /usr/local/Cellar/node/8.6.0/bin/node /usr/local/Cellar/yarn/1.1.0/libexec/bin/yarn.js add bluebird

PATH: 
  /usr/local/bin:/usr/bin:/bin:/usr/sbin:/sbin:/opt/X11/bin

Yarn version: 
  1.1.0

Node version: 
  8.6.0

Platform: 
  darwin x64

npm manifest: 
  {
    "name": "ArduinoJs",
    "version": "1.0.0",
    "description": "",
    "main": "trabalhoHttp.js",
    "repository": "",
    "scripts": {
      "start": "node server.js",
      "dev": "nodemon server.js",
      "bd": "node create_tables.js"
    },
    "authors": [
      {
        "name": "Leonardo Baiser",
        "email": "lpbaiser@gmail.com"
      }
    ],
    "license": "MIT",
    "dependencies": {
      "johnny-five": "^0.11.7",
      "moment": "^2.19.1",
      "mysql2": "^1.4.2",
      "nodemon": "^1.12.1",
      "querystring": "^0.2.0"
    },
    "devDependencies": {}
  }

yarn manifest: 
  No manifest

Lockfile: 
  No lockfile

Trace: 
  Error: https://registry.yarnpkg.com/johnny-five: ETIMEDOUT
      at Timeout._onTimeout (/usr/local/Cellar/yarn/1.1.0/libexec/lib/cli.js:122581:19)
      at ontimeout (timers.js:469:11)
      at tryOnTimeout (timers.js:304:5)
      at Timer.listOnTimeout (timers.js:264:5)
